d:\xla\xulyanh\xulyanh\x64\debug\vc140.pdb
d:\xla\xulyanh\xulyanh\x64\debug\.netframework,version=v4.5.2.assemblyattributes.obj
d:\xla\xulyanh\xulyanh\x64\debug\.netframework,version=v4.5.2.assemblyattributes.asm
d:\xla\xulyanh\xulyanh\x64\debug\myform.obj
d:\xla\xulyanh\xulyanh\x64\debug\source.obj
d:\xla\xulyanh\xulyanh\x64\debug\videoprocess.obj
d:\xla\xulyanh\x64\debug\xulyanh.exe
d:\xla\xulyanh\x64\debug\xulyanh.pdb
d:\xla\xulyanh\xulyanh\x64\debug\xulyanh.tlog\metagen.write.1.tlog
d:\xla\xulyanh\xulyanh\x64\debug\xulyanh.myform.resources
d:\xla\xulyanh\xulyanh\x64\debug\xulyanh.vcxproj.generateresource.cache
d:\xla\xulyanh\xulyanh\x64\debug\xulyanh.vcxproj.resolvecomreference.cache
d:\xla\xulyanh\xulyanh\x64\debug\xulyanh.vcxprojresolveassemblyreference.cache
d:\xla\xulyanh\xulyanh\x64\debug\xulyanh.tlog\cl.command.1.tlog
d:\xla\xulyanh\xulyanh\x64\debug\xulyanh.tlog\cl.read.1.tlog
d:\xla\xulyanh\xulyanh\x64\debug\xulyanh.tlog\cl.write.1.tlog
d:\xla\xulyanh\xulyanh\x64\debug\xulyanh.tlog\link.command.1.tlog
d:\xla\xulyanh\xulyanh\x64\debug\xulyanh.tlog\link.read.1.tlog
d:\xla\xulyanh\xulyanh\x64\debug\xulyanh.tlog\link.write.1.tlog
d:\xla\xulyanh\xulyanh\x64\debug\xulyanh.tlog\metagen.read.1.tlog
d:\xla\xulyanh\xulyanh\x64\debug\xulyanh.tlog\xulyanh.write.1u.tlog
d:\xla\xulyanh\xulyanh\x64\debug\xulyanh.tlog\axinterop.wmplib.1.0.dll.metagen
d:\xla\xulyanh\xulyanh\x64\debug\xulyanh.tlog\interop.mediaplayer.1.0.dll.metagen
d:\xla\xulyanh\xulyanh\x64\debug\xulyanh.tlog\interop.wmplib.1.0.dll.metagen
d:\xla\xulyanh\xulyanh\x64\debug\xulyanh.tlog\interop.wmprichpreviewlauncher.1.0.dll.metagen
d:\xla\xulyanh\xulyanh\x64\debug\xulyanh.tlog\tzres.dll.bi
