Build started 12/28/2017 11:58:19 PM.
     1>Project "D:\XLA\XuLyAnh\XuLyAnh\XuLyAnh.vcxproj" on node 2 (Build target(s)).
     1>ClCompile:
         D:\Microsoft Visual Studio 14.0\VC\bin\CL.exe /c /ID:\opencv\build\x64\vc14\..\..\include /AI"C:\Program Files (x86)\Reference Assemblies\Microsoft\Framework\.NETFramework\v4.5.2\\" /AI"C:\Program Files (x86)\Windows Kits\8.1\References\CommonConfiguration\Neutral" /AI"C:\Program Files (x86)\Reference Assemblies\Microsoft\Framework\.NETFramework\v4.5.2\Facades\\" /Zi /clr /nologo /W3 /WX- /Od /Oy- /D WIN32 /D _DEBUG /D _UNICODE /D UNICODE /EHa /MDd /GS /fp:precise /Zc:wchar_t /Zc:forScope /Zc:inline /Fo"Debug\\" /Fd"Debug\vc140.pdb" /TP /FU"C:\Program Files (x86)\Reference Assemblies\Microsoft\Framework\.NETFramework\v4.5.2\mscorlib.dll" /FU"C:\Program Files (x86)\Reference Assemblies\Microsoft\Framework\.NETFramework\v4.5.2\System.Data.dll" /FU"C:\Program Files (x86)\Reference Assemblies\Microsoft\Framework\.NETFramework\v4.5.2\System.dll" /FU"C:\Program Files (x86)\Reference Assemblies\Microsoft\Framework\.NETFramework\v4.5.2\System.Drawing.dll" /FU"C:\Program Files (x86)\Reference Assemblies\Microsoft\Framework\.NETFramework\v4.5.2\System.Windows.Forms.dll" /FU"C:\Program Files (x86)\Reference Assemblies\Microsoft\Framework\.NETFramework\v4.5.2\System.Xml.dll" /FUInterop\Interop.MediaPlayer.1.0.dll /FUInterop\Interop.WMPLib.1.0.dll /FUInterop\AxInterop.WMPLib.1.0.dll /analyze- /errorReport:prompt /clr:nostdlib MyForm.cpp Source.cpp
         MyForm.cpp
         Source.cpp
         Generating Code...
     1>d:\opencv\build\include\opencv2\core\cvstd.hpp(575): warning C4793: 'cv::String::String': function compiled as native:
         	Found an intrinsic not supported in managed code
     1>d:\opencv\build\include\opencv2\core\cuda.inl.hpp(105): warning C4793: 'cv::cuda::GpuMat::GpuMat': function compiled as native:
         	Found an intrinsic not supported in managed code
     1>d:\opencv\build\include\opencv2\core\cuda.inl.hpp(395): warning C4793: 'cv::cuda::HostMem::HostMem': function compiled as native:
         	Found an intrinsic not supported in managed code
     1>d:\opencv\build\include\opencv2\core\mat.inl.hpp(482): warning C4793: 'cv::Mat::Mat': function compiled as native:
         	Found an intrinsic not supported in managed code
     1>d:\opencv\build\include\opencv2\core\mat.inl.hpp(803): warning C4793: 'cv::Mat::release': function compiled as native:
         	Found an intrinsic not supported in managed code
     1>d:\opencv\build\include\opencv2\core\mat.inl.hpp(2083): warning C4793: 'cv::SparseMat::addref': function compiled as native:
         	Found an intrinsic not supported in managed code
     1>d:\opencv\build\include\opencv2\core\mat.inl.hpp(3683): warning C4793: 'cv::UMat::addref': function compiled as native:
         	Found an intrinsic not supported in managed code
     1>d:\opencv\build\include\opencv2\core\ptr.inl.hpp(67): warning C4793: 'cv::detail::PtrOwner::incRef': function compiled as native:
         	Found an intrinsic not supported in managed code
     1>d:\opencv\build\include\opencv2\core\ptr.inl.hpp(72): warning C4793: 'cv::detail::PtrOwner::decRef': function compiled as native:
         	Found an intrinsic not supported in managed code
     1>d:\opencv\build\include\opencv2\core\cvstd.hpp(656): warning C4793: 'cv::String::operator=': function compiled as native:
         	Found an intrinsic not supported in managed code
       Link:
         D:\Microsoft Visual Studio 14.0\VC\bin\link.exe /ERRORREPORT:PROMPT /OUT:"D:\XLA\XuLyAnh\Debug\XuLyAnh.exe" /INCREMENTAL /NOLOGO /LIBPATH:D:\opencv\build\x64\vc14\lib opencv_world330.lib opencv_world330d.lib kernel32.lib user32.lib gdi32.lib winspool.lib comdlg32.lib advapi32.lib shell32.lib ole32.lib oleaut32.lib uuid.lib odbc32.lib odbccp32.lib /ASSEMBLYRESOURCE:Debug\XuLyAnh.MyForm.resources /MANIFEST /MANIFESTUAC:"level='asInvoker' uiAccess='false'" /manifest:embed /Debug /PDB:"D:\XLA\XuLyAnh\Debug\XuLyAnh.pdb" /ASSEMBLYDEBUG /TLBID:1 /DYNAMICBASE /FIXED:NO /NXCOMPAT /MACHINE:X86 Debug\MyForm.obj
         Debug\Source.obj
         "Debug\.NETFramework,Version=v4.5.2.AssemblyAttributes.obj"
     1>Source.obj : error LNK2028: unresolved token (0A0011A6) "public: __thiscall cv::detail::CameraParams::CameraParams(struct cv::detail::CameraParams const &)" (??0CameraParams@detail@cv@@$$FQAE@ABU012@@Z) referenced in function "public: void __thiscall std::allocator<struct cv::detail::CameraParams>::construct<struct cv::detail::CameraParams,struct cv::detail::CameraParams const &>(struct cv::detail::CameraParams *,struct cv::detail::CameraParams const &)" (??$construct@UCameraParams@detail@cv@@ABU123@@?$allocator@UCameraParams@detail@cv@@@std@@$$FQAEXPAUCameraParams@detail@cv@@ABU234@@Z)
     1>Source.obj : error LNK2028: unresolved token (0A0011FC) "private: void __thiscall cv::String::deallocate(void)" (?deallocate@String@cv@@$$FAAEXXZ) referenced in function "public: __thiscall cv::String::~String(void)" (??1String@cv@@$$FQAE@XZ)
     1>Source.obj : error LNK2028: unresolved token (0A001205) "void __cdecl cv::fastFree(void *)" (?fastFree@cv@@$$FYAXPAX@Z) referenced in function "public: __thiscall cv::Mat::~Mat(void)" (??1Mat@cv@@$$FQAE@XZ)
     1>Source.obj : error LNK2028: unresolved token (0A00121F) "public: __thiscall cv::UMat::~UMat(void)" (??1UMat@cv@@$$FQAE@XZ) referenced in function "public: __thiscall cv::HOGDescriptor::HOGDescriptor(struct cv::HOGDescriptor const &)" (??0HOGDescriptor@cv@@$$FQAE@ABU01@@Z)
     1>Source.obj : error LNK2028: unresolved token (0A001226) "public: void __thiscall cv::UMat::copySize(class cv::UMat const &)" (?copySize@UMat@cv@@$$FQAEXABV12@@Z) referenced in function "public: __thiscall cv::UMat::UMat(class cv::UMat const &)" (??0UMat@cv@@$$FQAE@ABV01@@Z)
     1>Source.obj : error LNK2028: unresolved token (0A001240) "public: virtual __thiscall cv::Exception::~Exception(void)" (??1Exception@cv@@$$FUAE@XZ) referenced in function "public: __thiscall cvflann::FLANNException::FLANNException(class cvflann::FLANNException const &)" (??0FLANNException@cvflann@@$$FQAE@ABV01@@Z)
     1>Source.obj : error LNK2019: unresolved external symbol "private: void __thiscall cv::String::deallocate(void)" (?deallocate@String@cv@@$$FAAEXXZ) referenced in function "public: __thiscall cv::String::~String(void)" (??1String@cv@@$$FQAE@XZ)
     1>Source.obj : error LNK2019: unresolved external symbol "void __cdecl cv::fastFree(void *)" (?fastFree@cv@@$$FYAXPAX@Z) referenced in function "public: __thiscall cv::Mat::~Mat(void)" (??1Mat@cv@@$$FQAE@XZ)
     1>Source.obj : error LNK2019: unresolved external symbol "public: void __thiscall cv::UMat::copySize(class cv::UMat const &)" (?copySize@UMat@cv@@$$FQAEXABV12@@Z) referenced in function "public: __thiscall cv::UMat::UMat(class cv::UMat const &)" (??0UMat@cv@@$$FQAE@ABV01@@Z)
     1>Source.obj : error LNK2001: unresolved external symbol "public: virtual char const * __thiscall cv::Exception::what(void)const " (?what@Exception@cv@@UBEPBDXZ)
     1>Source.obj : error LNK2019: unresolved external symbol "public: __thiscall cv::detail::CameraParams::CameraParams(struct cv::detail::CameraParams const &)" (??0CameraParams@detail@cv@@$$FQAE@ABU012@@Z) referenced in function "public: void __thiscall std::allocator<struct cv::detail::CameraParams>::construct<struct cv::detail::CameraParams,struct cv::detail::CameraParams const &>(struct cv::detail::CameraParams *,struct cv::detail::CameraParams const &)" (??$construct@UCameraParams@detail@cv@@ABU123@@?$allocator@UCameraParams@detail@cv@@@std@@$$FQAEXPAUCameraParams@detail@cv@@ABU234@@Z)
     1>Source.obj : error LNK2019: unresolved external symbol "public: void __thiscall cv::Mat::copySize(class cv::Mat const &)" (?copySize@Mat@cv@@QAEXABV12@@Z) referenced in function "public: __thiscall cv::Mat::Mat(class cv::Mat const &)" (??0Mat@cv@@QAE@ABV01@@Z)
     1>Source.obj : error LNK2019: unresolved external symbol "public: virtual __thiscall cv::Exception::~Exception(void)" (??1Exception@cv@@$$FUAE@XZ) referenced in function "public: __thiscall cvflann::FLANNException::FLANNException(class cvflann::FLANNException const &)" (??0FLANNException@cvflann@@$$FQAE@ABV01@@Z)
     1>Source.obj : error LNK2001: unresolved external symbol "public: virtual void __thiscall cv::HOGDescriptor::setSVMDetector(class cv::debug_build_guard::_InputArray const &)" (?setSVMDetector@HOGDescriptor@cv@@UAEXABV_InputArray@debug_build_guard@2@@Z)
     1>Source.obj : error LNK2001: unresolved external symbol "public: virtual bool __thiscall cv::HOGDescriptor::read(class cv::FileNode &)" (?read@HOGDescriptor@cv@@UAE_NAAVFileNode@2@@Z)
     1>Source.obj : error LNK2001: unresolved external symbol "public: virtual void __thiscall cv::HOGDescriptor::write(class cv::FileStorage &,class cv::String const &)const " (?write@HOGDescriptor@cv@@UBEXAAVFileStorage@2@ABVString@2@@Z)
     1>Source.obj : error LNK2001: unresolved external symbol "public: virtual bool __thiscall cv::HOGDescriptor::load(class cv::String const &,class cv::String const &)" (?load@HOGDescriptor@cv@@UAE_NABVString@2@0@Z)
     1>Source.obj : error LNK2001: unresolved external symbol "public: virtual void __thiscall cv::HOGDescriptor::save(class cv::String const &,class cv::String const &)const " (?save@HOGDescriptor@cv@@UBEXABVString@2@0@Z)
     1>Source.obj : error LNK2001: unresolved external symbol "public: virtual void __thiscall cv::HOGDescriptor::copyTo(struct cv::HOGDescriptor &)const " (?copyTo@HOGDescriptor@cv@@UBEXAAU12@@Z)
     1>Source.obj : error LNK2001: unresolved external symbol "public: virtual void __thiscall cv::HOGDescriptor::compute(class cv::debug_build_guard::_InputArray const &,class std::vector<float,class std::allocator<float> > &,class cv::Size_<int>,class cv::Size_<int>,class std::vector<class cv::Point_<int>,class std::allocator<class cv::Point_<int> > > const &)const " (?compute@HOGDescriptor@cv@@UBEXABV_InputArray@debug_build_guard@2@AAV?$vector@MV?$allocator@M@std@@@std@@V?$Size_@H@2@2ABV?$vector@V?$Point_@H@cv@@V?$allocator@V?$Point_@H@cv@@@std@@@6@@Z)
     1>Source.obj : error LNK2001: unresolved external symbol "public: virtual void __thiscall cv::HOGDescriptor::detect(class cv::Mat const &,class std::vector<class cv::Point_<int>,class std::allocator<class cv::Point_<int> > > &,double,class cv::Size_<int>,class cv::Size_<int>,class std::vector<class cv::Point_<int>,class std::allocator<class cv::Point_<int> > > const &)const " (?detect@HOGDescriptor@cv@@UBEXABVMat@2@AAV?$vector@V?$Point_@H@cv@@V?$allocator@V?$Point_@H@cv@@@std@@@std@@NV?$Size_@H@2@2ABV45@@Z)
     1>Source.obj : error LNK2001: unresolved external symbol "public: virtual void __thiscall cv::HOGDescriptor::detect(class cv::Mat const &,class std::vector<class cv::Point_<int>,class std::allocator<class cv::Point_<int> > > &,class std::vector<double,class std::allocator<double> > &,double,class cv::Size_<int>,class cv::Size_<int>,class std::vector<class cv::Point_<int>,class std::allocator<class cv::Point_<int> > > const &)const " (?detect@HOGDescriptor@cv@@UBEXABVMat@2@AAV?$vector@V?$Point_@H@cv@@V?$allocator@V?$Point_@H@cv@@@std@@@std@@AAV?$vector@NV?$allocator@N@std@@@5@NV?$Size_@H@2@3ABV45@@Z)
     1>Source.obj : error LNK2001: unresolved external symbol "public: virtual void __thiscall cv::HOGDescriptor::detectMultiScale(class cv::debug_build_guard::_InputArray const &,class std::vector<class cv::Rect_<int>,class std::allocator<class cv::Rect_<int> > > &,double,class cv::Size_<int>,class cv::Size_<int>,double,double,bool)const " (?detectMultiScale@HOGDescriptor@cv@@UBEXABV_InputArray@debug_build_guard@2@AAV?$vector@V?$Rect_@H@cv@@V?$allocator@V?$Rect_@H@cv@@@std@@@std@@NV?$Size_@H@2@2NN_N@Z)
     1>Source.obj : error LNK2001: unresolved external symbol "public: virtual void __thiscall cv::HOGDescriptor::detectMultiScale(class cv::debug_build_guard::_InputArray const &,class std::vector<class cv::Rect_<int>,class std::allocator<class cv::Rect_<int> > > &,class std::vector<double,class std::allocator<double> > &,double,class cv::Size_<int>,class cv::Size_<int>,double,double,bool)const " (?detectMultiScale@HOGDescriptor@cv@@UBEXABV_InputArray@debug_build_guard@2@AAV?$vector@V?$Rect_@H@cv@@V?$allocator@V?$Rect_@H@cv@@@std@@@std@@AAV?$vector@NV?$allocator@N@std@@@6@NV?$Size_@H@2@3NN_N@Z)
     1>Source.obj : error LNK2001: unresolved external symbol "public: virtual void __thiscall cv::HOGDescriptor::computeGradient(class cv::Mat const &,class cv::Mat &,class cv::Mat &,class cv::Size_<int>,class cv::Size_<int>)const " (?computeGradient@HOGDescriptor@cv@@UBEXABVMat@2@AAV32@1V?$Size_@H@2@2@Z)
     1>Source.obj : error LNK2001: unresolved external symbol "public: virtual void __thiscall cv::HOGDescriptor::detectROI(class cv::Mat const &,class std::vector<class cv::Point_<int>,class std::allocator<class cv::Point_<int> > > const &,class std::vector<class cv::Point_<int>,class std::allocator<class cv::Point_<int> > > &,class std::vector<double,class std::allocator<double> > &,double,class cv::Size_<int>,class cv::Size_<int>)const " (?detectROI@HOGDescriptor@cv@@UBEXABVMat@2@ABV?$vector@V?$Point_@H@cv@@V?$allocator@V?$Point_@H@cv@@@std@@@std@@AAV45@AAV?$vector@NV?$allocator@N@std@@@5@NV?$Size_@H@2@4@Z)
     1>Source.obj : error LNK2001: unresolved external symbol "public: virtual void __thiscall cv::HOGDescriptor::detectMultiScaleROI(class cv::Mat const &,class std::vector<class cv::Rect_<int>,class std::allocator<class cv::Rect_<int> > > &,class std::vector<struct cv::DetectionROI,class std::allocator<struct cv::DetectionROI> > &,double,int)const " (?detectMultiScaleROI@HOGDescriptor@cv@@UBEXABVMat@2@AAV?$vector@V?$Rect_@H@cv@@V?$allocator@V?$Rect_@H@cv@@@std@@@std@@AAV?$vector@UDetectionROI@cv@@V?$allocator@UDetectionROI@cv@@@std@@@5@NH@Z)
     1>Source.obj : error LNK2019: unresolved external symbol "public: __thiscall cv::UMat::~UMat(void)" (??1UMat@cv@@$$FQAE@XZ) referenced in function "public: __thiscall cv::HOGDescriptor::HOGDescriptor(struct cv::HOGDescriptor const &)" (??0HOGDescriptor@cv@@$$FQAE@ABU01@@Z)
     1>Source.obj : error LNK2019: unresolved external symbol "public: void __thiscall cv::Mat::deallocate(void)" (?deallocate@Mat@cv@@QAEXXZ) referenced in function "public: void __thiscall cv::Mat::release(void)" (?release@Mat@cv@@QAEXXZ)
     1>Source.obj : error LNK2019: unresolved external symbol "void __cdecl cv::fastFree(void *)" (?fastFree@cv@@YAXPAX@Z) referenced in function "public: void __thiscall cv::Mat::release(void)" (?release@Mat@cv@@QAEXXZ)
     1>Source.obj : error LNK2019: unresolved external symbol "private: void __thiscall cv::String::deallocate(void)" (?deallocate@String@cv@@AAEXXZ) referenced in function "public: class cv::String & __thiscall cv::String::operator=(class cv::String const &)" (??4String@cv@@QAEAAV01@ABV01@@Z)
     1>D:\opencv\build\x64\vc14\lib\opencv_world330.lib : warning LNK4272: library machine type 'x64' conflicts with target machine type 'X86'
     1>D:\opencv\build\x64\vc14\lib\opencv_world330d.lib : warning LNK4272: library machine type 'x64' conflicts with target machine type 'X86'
     1>D:\XLA\XuLyAnh\Debug\XuLyAnh.exe : fatal error LNK1120: 31 unresolved externals
     1>Done Building Project "D:\XLA\XuLyAnh\XuLyAnh\XuLyAnh.vcxproj" (Build target(s)) -- FAILED.

Build FAILED.

Time Elapsed 00:00:06.24
