d:\xla\xulyanh\xulyanh\debug\vc140.pdb
d:\xla\xulyanh\xulyanh\debug\.netframework,version=v4.5.2.assemblyattributes.obj
d:\xla\xulyanh\xulyanh\debug\.netframework,version=v4.5.2.assemblyattributes.asm
d:\xla\xulyanh\xulyanh\debug\source.obj
d:\xla\xulyanh\xulyanh\debug\myform.obj
d:\xla\xulyanh\xulyanh\debug\xulyanh.vcxprojresolveassemblyreference.cache
d:\xla\xulyanh\xulyanh\debug\main.obj
d:\xla\xulyanh\debug\xulyanh.pdb
d:\xla\xulyanh\xulyanh\debug\xulyanh.tlog\cl.command.1.tlog
d:\xla\xulyanh\xulyanh\debug\xulyanh.tlog\cl.read.1.tlog
d:\xla\xulyanh\xulyanh\debug\xulyanh.tlog\cl.write.1.tlog
d:\xla\xulyanh\xulyanh\debug\xulyanh.tlog\link.3832.read.1.tlog
d:\xla\xulyanh\xulyanh\debug\xulyanh.tlog\link.3832.write.1.tlog
d:\xla\xulyanh\xulyanh\debug\xulyanh.tlog\link.5344-cvtres.read.1.tlog
d:\xla\xulyanh\xulyanh\debug\xulyanh.tlog\link.5344-cvtres.write.1.tlog
d:\xla\xulyanh\xulyanh\debug\xulyanh.tlog\link.5344-rc.read.1.tlog
d:\xla\xulyanh\xulyanh\debug\xulyanh.tlog\link.5344-rc.write.1.tlog
d:\xla\xulyanh\xulyanh\debug\xulyanh.tlog\link.5344.read.1.tlog
d:\xla\xulyanh\xulyanh\debug\xulyanh.tlog\link.5344.write.1.tlog
d:\xla\xulyanh\xulyanh\debug\xulyanh.tlog\link.6028-cvtres.read.1.tlog
d:\xla\xulyanh\xulyanh\debug\xulyanh.tlog\link.6028-cvtres.write.1.tlog
d:\xla\xulyanh\xulyanh\debug\xulyanh.tlog\link.6028-rc.read.1.tlog
d:\xla\xulyanh\xulyanh\debug\xulyanh.tlog\link.6028-rc.write.1.tlog
d:\xla\xulyanh\xulyanh\debug\xulyanh.tlog\link.6028.read.1.tlog
d:\xla\xulyanh\xulyanh\debug\xulyanh.tlog\link.6028.write.1.tlog
d:\xla\xulyanh\xulyanh\debug\xulyanh.tlog\link.command.1.tlog
d:\xla\xulyanh\xulyanh\debug\xulyanh.tlog\link.read.1.tlog
d:\xla\xulyanh\xulyanh\debug\xulyanh.tlog\link.write.1.tlog
d:\xla\xulyanh\xulyanh\debug\xulyanh.tlog\metagen.read.1.tlog
d:\xla\xulyanh\xulyanh\debug\xulyanh.tlog\metagen.write.1.tlog
d:\xla\xulyanh\xulyanh\debug\xulyanh.tlog\tzres.dll.bi
